[21-Jul-2025 09:09:47 UTC] PHP Warning:  require(/Users/macuser/Local Sites/udemy-complex-gutenberg-blocks-and-plugins/app/public/wp-content/plugins/firstblock/index.asset.php): Failed to open stream: No such file or directory in /Users/macuser/Local Sites/udemy-complex-gutenberg-blocks-and-plugins/app/public/wp-includes/blocks.php on line 230
[21-Jul-2025 09:09:47 UTC] PHP Fatal error:  Uncaught Error: Failed opening required '/Users/macuser/Local Sites/udemy-complex-gutenberg-blocks-and-plugins/app/public/wp-content/plugins/firstblock/index.asset.php' (include_path='.:/usr/share/php:/www/wp-content/pear') in /Users/macuser/Local Sites/udemy-complex-gutenberg-blocks-and-plugins/app/public/wp-includes/blocks.php:230
Stack trace:
#0 /Users/macuser/Local Sites/udemy-complex-gutenberg-blocks-and-plugins/app/public/wp-includes/blocks.php(611): register_block_script_handle(Array, 'editorScript')
#1 /Users/macuser/Local Sites/udemy-complex-gutenberg-blocks-and-plugins/app/public/wp-content/plugins/firstblock/firstblock.php(14): register_block_type_from_metadata('/Users/macuser/...')
#2 /Users/macuser/Local Sites/udemy-complex-gutenberg-blocks-and-plugins/app/public/wp-includes/class-wp-hook.php(324): blocks_course_firstblock_init('')
#3 /Users/macuser/Local Sites/udemy-complex-gutenberg-blocks-and-plugins/app/public/wp-includes/class-wp-hook.php(348): WP_Hook->apply_filters(NULL, Array)
#4 /Users/macuser/Local Sites/udemy-complex-gutenberg-blocks-and-plugins/app/public/wp-includes/plugin.php(517): WP_Hook->do_action(Array)
#5 /Users/macuser/Local Sites/udemy-complex-gutenberg-blocks-and-plugins/app/public/wp-settings.php(727): do_action('init')
#6 /Users/macuser/Local Sites/udemy-complex-gutenberg-blocks-and-plugins/app/public/wp-config.php(103): require_once('/Users/macuser/...')
#7 /Users/macuser/Local Sites/udemy-complex-gutenberg-blocks-and-plugins/app/public/wp-load.php(50): require_once('/Users/macuser/...')
#8 /Users/macuser/Local Sites/udemy-complex-gutenberg-blocks-and-plugins/app/public/wp-admin/admin-ajax.php(22): require_once('/Users/macuser/...')
#9 {main}
  thrown in /Users/macuser/Local Sites/udemy-complex-gutenberg-blocks-and-plugins/app/public/wp-includes/blocks.php on line 230
[21-Jul-2025 09:09:59 UTC] PHP Warning:  require(/Users/macuser/Local Sites/udemy-complex-gutenberg-blocks-and-plugins/app/public/wp-content/plugins/firstblock/index.asset.php): Failed to open stream: No such file or directory in /Users/macuser/Local Sites/udemy-complex-gutenberg-blocks-and-plugins/app/public/wp-includes/blocks.php on line 230
[21-Jul-2025 09:09:59 UTC] PHP Fatal error:  Uncaught Error: Failed opening required '/Users/macuser/Local Sites/udemy-complex-gutenberg-blocks-and-plugins/app/public/wp-content/plugins/firstblock/index.asset.php' (include_path='.:/usr/share/php:/www/wp-content/pear') in /Users/macuser/Local Sites/udemy-complex-gutenberg-blocks-and-plugins/app/public/wp-includes/blocks.php:230
Stack trace:
#0 /Users/macuser/Local Sites/udemy-complex-gutenberg-blocks-and-plugins/app/public/wp-includes/blocks.php(611): register_block_script_handle(Array, 'editorScript')
#1 /Users/macuser/Local Sites/udemy-complex-gutenberg-blocks-and-plugins/app/public/wp-content/plugins/firstblock/firstblock.php(14): register_block_type_from_metadata('/Users/macuser/...')
#2 /Users/macuser/Local Sites/udemy-complex-gutenberg-blocks-and-plugins/app/public/wp-includes/class-wp-hook.php(324): blocks_course_firstblock_init('')
#3 /Users/macuser/Local Sites/udemy-complex-gutenberg-blocks-and-plugins/app/public/wp-includes/class-wp-hook.php(348): WP_Hook->apply_filters(NULL, Array)
#4 /Users/macuser/Local Sites/udemy-complex-gutenberg-blocks-and-plugins/app/public/wp-includes/plugin.php(517): WP_Hook->do_action(Array)
#5 /Users/macuser/Local Sites/udemy-complex-gutenberg-blocks-and-plugins/app/public/wp-settings.php(727): do_action('init')
#6 /Users/macuser/Local Sites/udemy-complex-gutenberg-blocks-and-plugins/app/public/wp-config.php(103): require_once('/Users/macuser/...')
#7 /Users/macuser/Local Sites/udemy-complex-gutenberg-blocks-and-plugins/app/public/wp-load.php(50): require_once('/Users/macuser/...')
#8 /Users/macuser/Local Sites/udemy-complex-gutenberg-blocks-and-plugins/app/public/wp-admin/admin-ajax.php(22): require_once('/Users/macuser/...')
#9 {main}
  thrown in /Users/macuser/Local Sites/udemy-complex-gutenberg-blocks-and-plugins/app/public/wp-includes/blocks.php on line 230
