[30-Jun-2025 20:04:16] NOTICE: fpm is running, pid 8491
[30-Jun-2025 20:04:16] NOTICE: ready to handle connections
[14-Jul-2025 10:12:19] NOTICE: Terminating ...
[14-Jul-2025 10:12:19] NOTICE: exiting, bye-bye!
[17-Jul-2025 10:56:54] NOTICE: fpm is running, pid 87334
[17-Jul-2025 10:56:54] NOTICE: ready to handle connections
[19-Jul-2025 08:15:51] NOTICE: Terminating ...
[19-Jul-2025 08:15:51] NOTICE: Terminating ...
[19-Jul-2025 08:15:51] NOTICE: exiting, bye-bye!
[21-Jul-2025 11:10:29] NOTICE: fpm is running, pid 965
[21-Jul-2025 11:10:29] NOTICE: ready to handle connections
[25-Jul-2025 18:42:17] NOTICE: Terminating ...
[25-Jul-2025 18:42:17] NOTICE: exiting, bye-bye!
[28-Jul-2025 12:50:43] NOTICE: fpm is running, pid 2243
[28-Jul-2025 12:50:43] NOTICE: ready to handle connections
[30-Jul-2025 22:00:43] NOTICE: Terminating ...
[30-Jul-2025 22:00:43] NOTICE: Terminating ...
[30-Jul-2025 22:00:43] NOTICE: exiting, bye-bye!
[31-Jul-2025 09:01:40] NOTICE: fpm is running, pid 838
[31-Jul-2025 09:01:40] NOTICE: ready to handle connections
[31-Jul-2025 22:57:29] NOTICE: Terminating ...
[31-Jul-2025 22:57:29] NOTICE: exiting, bye-bye!
[01-Aug-2025 07:43:50] NOTICE: fpm is running, pid 1071
[01-Aug-2025 07:43:50] NOTICE: ready to handle connections
[01-Aug-2025 20:30:55] NOTICE: Terminating ...
[01-Aug-2025 20:30:55] NOTICE: exiting, bye-bye!
[07-Aug-2025 14:52:01] NOTICE: fpm is running, pid 15063
[07-Aug-2025 14:52:01] NOTICE: ready to handle connections
[07-Aug-2025 19:23:33] NOTICE: Terminating ...
[07-Aug-2025 19:23:33] NOTICE: Terminating ...
[07-Aug-2025 19:23:33] NOTICE: exiting, bye-bye!
[25-Aug-2025 10:02:33] NOTICE: fpm is running, pid 1115
[25-Aug-2025 10:02:33] NOTICE: ready to handle connections
[25-Aug-2025 17:39:43] NOTICE: Terminating ...
[25-Aug-2025 17:39:43] NOTICE: exiting, bye-bye!
[26-Aug-2025 14:27:28] NOTICE: fpm is running, pid 1843
[26-Aug-2025 14:27:28] NOTICE: ready to handle connections
[26-Aug-2025 15:20:39] NOTICE: Terminating ...
[26-Aug-2025 15:20:39] NOTICE: Terminating ...
[26-Aug-2025 15:20:39] NOTICE: exiting, bye-bye!
[26-Aug-2025 15:20:41] NOTICE: fpm is running, pid 11738
[26-Aug-2025 15:20:41] NOTICE: ready to handle connections
[26-Aug-2025 19:05:43] NOTICE: Terminating ...
[26-Aug-2025 19:05:43] NOTICE: exiting, bye-bye!
[27-Aug-2025 18:19:59] NOTICE: fpm is running, pid 1444
[27-Aug-2025 18:19:59] NOTICE: ready to handle connections
[27-Aug-2025 19:03:49] NOTICE: Terminating ...
[27-Aug-2025 19:03:49] NOTICE: Terminating ...
[27-Aug-2025 19:03:49] NOTICE: exiting, bye-bye!
